============================= test session starts ==============================
platform darwin -- Python 3.14.0, pytest-9.0.3, pluggy-1.6.0
rootdir: /Users/jameschen/Workspace/Nexus-new-worktrees/issue842-acceptance-fixture
configfile: pytest.ini
plugins: timeout-2.4.0, asyncio-1.3.0, anyio-4.13.0
asyncio: mode=Mode.AUTO, debug=False, asyncio_default_fixture_loop_scope=None, asyncio_default_test_loop_scope=function
collected 639 items

tests/nexus/orchestrator/test_unified_mcp_gateway.py ................... [  2%]
........................................................................ [ 14%]
........................................................................ [ 25%]
......................................                                   [ 31%]
tests/nexus/orchestrator/test_self_hosted_task_service.py .............. [ 33%]
........................................................................ [ 44%]
........................................................................ [ 56%]
........................................................................ [ 67%]
........................................................................ [ 78%]
........................................................................ [ 89%]
................................................................         [100%]

=============================== warnings summary ===============================
nexus/contracts/autonomy_goal.py:113
  /Users/jameschen/Workspace/Nexus-new-worktrees/issue842-acceptance-fixture/nexus/contracts/autonomy_goal.py:113: UserWarning: Field name "schema" in "StandingGrantContext" shadows an attribute in parent "_FrozenModel"
    class StandingGrantContext(_FrozenModel):

nexus/contracts/autonomy_goal.py:267
  /Users/jameschen/Workspace/Nexus-new-worktrees/issue842-acceptance-fixture/nexus/contracts/autonomy_goal.py:267: UserWarning: Field name "schema" in "AutonomyGoalGrantSpec" shadows an attribute in parent "_FrozenModel"
    class AutonomyGoalGrantSpec(_FrozenModel):

nexus/contracts/lifecycle_action.py:319
  /Users/jameschen/Workspace/Nexus-new-worktrees/issue842-acceptance-fixture/nexus/contracts/lifecycle_action.py:319: UserWarning: Field name "schema" in "LifecycleActionEnvelope" shadows an attribute in parent "BaseModel"
    class LifecycleActionEnvelope(BaseModel):

nexus/contracts/lifecycle_action.py:406
  /Users/jameschen/Workspace/Nexus-new-worktrees/issue842-acceptance-fixture/nexus/contracts/lifecycle_action.py:406: UserWarning: Field name "schema" in "ExternalCandidateAdoptionRequest" shadows an attribute in parent "BaseModel"
    class ExternalCandidateAdoptionRequest(BaseModel):

nexus/contracts/collaboration_realm.py:101
  /Users/jameschen/Workspace/Nexus-new-worktrees/issue842-acceptance-fixture/nexus/contracts/collaboration_realm.py:101: UserWarning: Field name "schema" in "CollaborationExecutionRealmSpec" shadows an attribute in parent "_FrozenModel"
    class CollaborationExecutionRealmSpec(_FrozenModel):

nexus/contracts/operator_outcome_receipt.py:86
  /Users/jameschen/Workspace/Nexus-new-worktrees/issue842-acceptance-fixture/nexus/contracts/operator_outcome_receipt.py:86: UserWarning: Field name "schema" in "OperatorOutcomeReceipt" shadows an attribute in parent "BaseModel"
    class OperatorOutcomeReceipt(BaseModel):

nexus/orchestrator/autonomy_policy.py:115
  /Users/jameschen/Workspace/Nexus-new-worktrees/issue842-acceptance-fixture/nexus/orchestrator/autonomy_policy.py:115: UserWarning: Field name "schema" in "StandingGrantRequest" shadows an attribute in parent "_FrozenModel"
    class StandingGrantRequest(_FrozenModel):

nexus/orchestrator/autonomy_policy.py:137
  /Users/jameschen/Workspace/Nexus-new-worktrees/issue842-acceptance-fixture/nexus/orchestrator/autonomy_policy.py:137: UserWarning: Field name "schema" in "StandingGrantDecision" shadows an attribute in parent "_FrozenModel"
    class StandingGrantDecision(_FrozenModel):

nexus/orchestrator/autonomy_policy.py:396
  /Users/jameschen/Workspace/Nexus-new-worktrees/issue842-acceptance-fixture/nexus/orchestrator/autonomy_policy.py:396: UserWarning: Field name "schema" in "AutonomySubmissionBindingSpec" shadows an attribute in parent "_FrozenModel"
    class AutonomySubmissionBindingSpec(_FrozenModel):

nexus/orchestrator/autonomy_policy.py:457
  /Users/jameschen/Workspace/Nexus-new-worktrees/issue842-acceptance-fixture/nexus/orchestrator/autonomy_policy.py:457: UserWarning: Field name "schema" in "AutonomyEvaluationInput" shadows an attribute in parent "_FrozenModel"
    class AutonomyEvaluationInput(_FrozenModel):

nexus/orchestrator/autonomy_policy.py:507
  /Users/jameschen/Workspace/Nexus-new-worktrees/issue842-acceptance-fixture/nexus/orchestrator/autonomy_policy.py:507: UserWarning: Field name "schema" in "AutonomyDecision" shadows an attribute in parent "_FrozenModel"
    class AutonomyDecision(_FrozenModel):

nexus/orchestrator/standing_grant_store.py:67
  /Users/jameschen/Workspace/Nexus-new-worktrees/issue842-acceptance-fixture/nexus/orchestrator/standing_grant_store.py:67: UserWarning: Field name "schema" in "StandingGrantReceipt" shadows an attribute in parent "_FrozenModel"
    class StandingGrantReceipt(_FrozenModel):

-- Docs: https://docs.pytest.org/en/stable/how-to/capture-warnings.html
================= 639 passed, 12 warnings in 132.38s (0:02:12) =================
